# JRE version: OpenJDK Runtime Environment (17.0.11) (build 17.0.11+0--11852314)
# Java VM: OpenJDK 64-Bit Server VM (17.0.11+0--11852314, mixed mode, tiered, compressed oops, compressed class ptrs, g1 gc, windows-amd64)
GC Precious Log:
 CPUs: 12 total, 12 available
 Memory: 16193M
 Large Page Support: Disabled
 NUMA Support: Disabled
 Compressed Oops: Enabled (32-bit)
 Heap Region Size: 1M
 Heap Min Capacity: 8M
 Heap Initial Capacity: 254M
 Heap Max Capacity: 2G
 Pre-touch: Disabled
 Parallel Workers: 10
 Concurrent Workers: 3
 Concurrent Refinement Workers: 10
 Periodic GC: Disabled
Heap:
 garbage-first heap   total 544768K, used 138709K [0x0000000080000000, 0x0000000100000000)
  region size 1024K, 3 young (3072K), 3 survivors (3072K)
 Metaspace       used 149447K, committed 151680K, reserved 1179648K
  class space    used 20394K, committed 21568K, reserved 1048576K
GC Heap History (20 events):
Event: 6979.898 GC heap after
{Heap after GC invocations=152 (full 0):
 garbage-first heap   total 519168K, used 151034K [0x0000000080000000, 0x0000000100000000)
  region size 1024K, 3 young (3072K), 3 survivors (3072K)
 Metaspace       used 149125K, committed 151360K, reserved 1179648K
  class space    used 20394K, committed 21568K, reserved 1048576K
}
Event: 6979.930 GC heap before
{Heap before GC invocations=152 (full 0):
 garbage-first heap   total 519168K, used 160250K [0x0000000080000000, 0x0000000100000000)
  region size 1024K, 13 young (13312K), 3 survivors (3072K)
 Metaspace       used 149127K, committed 151360K, reserved 1179648K
  class space    used 20394K, committed 21568K, reserved 1048576K
}
Event: 6979.932 GC heap after
{Heap after GC invocations=153 (full 0):
 garbage-first heap   total 519168K, used 149748K [0x0000000080000000, 0x0000000100000000)
  region size 1024K, 2 young (2048K), 2 survivors (2048K)
 Metaspace       used 149127K, committed 151360K, reserved 1179648K
  class space    used 20394K, committed 21568K, reserved 1048576K
}
Event: 7154.295 GC heap before
{Heap before GC invocations=154 (full 0):
 garbage-first heap   total 519168K, used 442612K [0x0000000080000000, 0x0000000100000000)
  region size 1024K, 204 young (208896K), 2 survivors (2048K)
 Metaspace       used 149178K, committed 151360K, reserved 1179648K
  class space    used 20394K, committed 21568K, reserved 1048576K
}
Event: 7154.297 GC heap after
{Heap after GC invocations=155 (full 0):
 garbage-first heap   total 519168K, used 149830K [0x0000000080000000, 0x0000000100000000)
  region size 1024K, 2 young (2048K), 2 survivors (2048K)
 Metaspace       used 149178K, committed 151360K, reserved 1179648K
  class space    used 20394K, committed 21568K, reserved 1048576K
}
Event: 7154.350 GC heap before
{Heap before GC invocations=155 (full 0):
 garbage-first heap   total 519168K, used 173382K [0x0000000080000000, 0x0000000100000000)
  region size 1024K, 25 young (25600K), 2 survivors (2048K)
 Metaspace       used 149187K, committed 151360K, reserved 1179648K
  class space    used 20394K, committed 21568K, reserved 1048576K
}
Event: 7154.354 GC heap after
{Heap after GC invocations=156 (full 0):
 garbage-first heap   total 519168K, used 136371K [0x0000000080000000, 0x0000000100000000)
  region size 1024K, 4 young (4096K), 4 survivors (4096K)
 Metaspace       used 149187K, committed 151360K, reserved 1179648K
  class space    used 20394K, committed 21568K, reserved 1048576K
}
Event: 7154.444 GC heap before
{Heap before GC invocations=156 (full 0):
 garbage-first heap   total 519168K, used 171187K [0x0000000080000000, 0x0000000100000000)
  region size 1024K, 40 young (40960K), 4 survivors (4096K)
 Metaspace       used 149213K, committed 151424K, reserved 1179648K
  class space    used 20394K, committed 21568K, reserved 1048576K
}
Event: 7154.448 GC heap after
{Heap after GC invocations=157 (full 0):
 garbage-first heap   total 519168K, used 141619K [0x0000000080000000, 0x0000000100000000)
  region size 1024K, 10 young (10240K), 10 survivors (10240K)
 Metaspace       used 149213K, committed 151424K, reserved 1179648K
  class space    used 20394K, committed 21568K, reserved 1048576K
}
Event: 7212.695 GC heap before
{Heap before GC invocations=158 (full 0):
 garbage-first heap   total 519168K, used 446771K [0x0000000080000000, 0x0000000100000000)
  region size 1024K, 238 young (243712K), 10 survivors (10240K)
 Metaspace       used 149278K, committed 151488K, reserved 1179648K
  class space    used 20394K, committed 21568K, reserved 1048576K
}
Event: 7212.702 GC heap after
{Heap after GC invocations=159 (full 0):
 garbage-first heap   total 519168K, used 151159K [0x0000000080000000, 0x0000000100000000)
  region size 1024K, 19 young (19456K), 19 survivors (19456K)
 Metaspace       used 149278K, committed 151488K, reserved 1179648K
  class space    used 20394K, committed 21568K, reserved 1048576K
}
Event: 7212.713 GC heap before
{Heap before GC invocations=159 (full 0):
 garbage-first heap   total 519168K, used 157303K [0x0000000080000000, 0x0000000100000000)
  region size 1024K, 25 young (25600K), 19 survivors (19456K)
 Metaspace       used 149278K, committed 151488K, reserved 1179648K
  class space    used 20394K, committed 21568K, reserved 1048576K
}
Event: 7212.721 GC heap after
{Heap after GC invocations=160 (full 0):
 garbage-first heap   total 519168K, used 147924K [0x0000000080000000, 0x0000000100000000)
  region size 1024K, 3 young (3072K), 3 survivors (3072K)
 Metaspace       used 149278K, committed 151488K, reserved 1179648K
  class space    used 20394K, committed 21568K, reserved 1048576K
}
Event: 7213.407 GC heap before
{Heap before GC invocations=160 (full 0):
 garbage-first heap   total 519168K, used 192980K [0x0000000080000000, 0x0000000100000000)
  region size 1024K, 49 young (50176K), 3 survivors (3072K)
 Metaspace       used 149280K, committed 151488K, reserved 1179648K
  class space    used 20394K, committed 21568K, reserved 1048576K
}
Event: 7213.409 GC heap after
{Heap after GC invocations=161 (full 0):
 garbage-first heap   total 519168K, used 149527K [0x0000000080000000, 0x0000000100000000)
  region size 1024K, 5 young (5120K), 5 survivors (5120K)
 Metaspace       used 149280K, committed 151488K, reserved 1179648K
  class space    used 20394K, committed 21568K, reserved 1048576K
}
Event: 7241.903 GC heap before
{Heap before GC invocations=162 (full 0):
 garbage-first heap   total 519168K, used 464045K [0x0000000080000000, 0x0000000100000000)
  region size 1024K, 233 young (238592K), 5 survivors (5120K)
 Metaspace       used 149433K, committed 151616K, reserved 1179648K
  class space    used 20394K, committed 21568K, reserved 1048576K
}
Event: 7241.907 GC heap after
{Heap after GC invocations=163 (full 0):
 garbage-first heap   total 519168K, used 148146K [0x0000000080000000, 0x0000000100000000)
  region size 1024K, 8 young (8192K), 8 survivors (8192K)
 Metaspace       used 149433K, committed 151616K, reserved 1179648K
  class space    used 20394K, committed 21568K, reserved 1048576K
}
Event: 7241.951 GC heap before
{Heap before GC invocations=163 (full 0):
 garbage-first heap   total 519168K, used 165554K [0x0000000080000000, 0x0000000100000000)
  region size 1024K, 25 young (25600K), 8 survivors (8192K)
 Metaspace       used 149445K, committed 151680K, reserved 1179648K
  class space    used 20394K, committed 21568K, reserved 1048576K
}
Event: 7241.956 GC heap after
{Heap after GC invocations=164 (full 0):
 garbage-first heap   total 519168K, used 138959K [0x0000000080000000, 0x0000000100000000)
  region size 1024K, 4 young (4096K), 4 survivors (4096K)
 Metaspace       used 149445K, committed 151680K, reserved 1179648K
  class space    used 20394K, committed 21568K, reserved 1048576K
}
Event: 7241.965 GC heap before
{Heap before GC invocations=164 (full 0):
 garbage-first heap   total 519168K, used 139983K [0x0000000080000000, 0x0000000100000000)
  region size 1024K, 7 young (7168K), 4 survivors (4096K)
 Metaspace       used 149447K, committed 151680K, reserved 1179648K
  class space    used 20394K, committed 21568K, reserved 1048576K
}

