# JRE version: OpenJDK Runtime Environment (17.0.11) (build 17.0.11+0--11852314)
# Java VM: OpenJDK 64-Bit Server VM (17.0.11+0--11852314, mixed mode, tiered, compressed oops, compressed class ptrs, g1 gc, windows-amd64)
GC Precious Log:
 CPUs: 12 total, 12 available
 Memory: 16193M
 Large Page Support: Disabled
 NUMA Support: Disabled
 Compressed Oops: Enabled (32-bit)
 Heap Region Size: 1M
 Heap Min Capacity: 8M
 Heap Initial Capacity: 254M
 Heap Max Capacity: 2G
 Pre-touch: Disabled
 Parallel Workers: 10
 Concurrent Workers: 3
 Concurrent Refinement Workers: 10
 Periodic GC: Disabled
Heap:
 garbage-first heap   total 303104K, used 138200K [0x0000000080000000, 0x0000000100000000)
  region size 1024K, 4 young (4096K), 4 survivors (4096K)
 Metaspace       used 139424K, committed 140608K, reserved 1179648K
  class space    used 19637K, committed 20224K, reserved 1048576K
GC Heap History (20 events):
Event: 291.784 GC heap after
{Heap after GC invocations=49 (full 0):
 garbage-first heap   total 303104K, used 118356K [0x0000000080000000, 0x0000000100000000)
  region size 1024K, 1 young (1024K), 1 survivors (1024K)
 Metaspace       used 114483K, committed 115584K, reserved 1179648K
  class space    used 15554K, committed 16064K, reserved 1048576K
}
Event: 292.033 GC heap before
{Heap before GC invocations=49 (full 0):
 garbage-first heap   total 303104K, used 179796K [0x0000000080000000, 0x0000000100000000)
  region size 1024K, 63 young (64512K), 1 survivors (1024K)
 Metaspace       used 114677K, committed 115712K, reserved 1179648K
  class space    used 15555K, committed 16064K, reserved 1048576K
}
Event: 292.037 GC heap after
{Heap after GC invocations=50 (full 0):
 garbage-first heap   total 303104K, used 126030K [0x0000000080000000, 0x0000000100000000)
  region size 1024K, 9 young (9216K), 9 survivors (9216K)
 Metaspace       used 114677K, committed 115712K, reserved 1179648K
  class space    used 15555K, committed 16064K, reserved 1048576K
}
Event: 678.973 GC heap before
{Heap before GC invocations=51 (full 0):
 garbage-first heap   total 303104K, used 274510K [0x0000000080000000, 0x0000000100000000)
  region size 1024K, 125 young (128000K), 9 survivors (9216K)
 Metaspace       used 114888K, committed 115904K, reserved 1179648K
  class space    used 15556K, committed 16064K, reserved 1048576K
}
Event: 678.976 GC heap after
{Heap after GC invocations=52 (full 0):
 garbage-first heap   total 303104K, used 125623K [0x0000000080000000, 0x0000000100000000)
  region size 1024K, 10 young (10240K), 10 survivors (10240K)
 Metaspace       used 114888K, committed 115904K, reserved 1179648K
  class space    used 15556K, committed 16064K, reserved 1048576K
}
Event: 678.990 GC heap before
{Heap before GC invocations=52 (full 0):
 garbage-first heap   total 303104K, used 129719K [0x0000000080000000, 0x0000000100000000)
  region size 1024K, 14 young (14336K), 10 survivors (10240K)
 Metaspace       used 114905K, committed 115904K, reserved 1179648K
  class space    used 15559K, committed 16064K, reserved 1048576K
}
Event: 678.994 GC heap after
{Heap after GC invocations=53 (full 0):
 garbage-first heap   total 303104K, used 121029K [0x0000000080000000, 0x0000000100000000)
  region size 1024K, 2 young (2048K), 2 survivors (2048K)
 Metaspace       used 114905K, committed 115904K, reserved 1179648K
  class space    used 15559K, committed 16064K, reserved 1048576K
}
Event: 679.236 GC heap before
{Heap before GC invocations=53 (full 0):
 garbage-first heap   total 303104K, used 185541K [0x0000000080000000, 0x0000000100000000)
  region size 1024K, 67 young (68608K), 2 survivors (2048K)
 Metaspace       used 115109K, committed 116160K, reserved 1179648K
  class space    used 15573K, committed 16064K, reserved 1048576K
}
Event: 679.240 GC heap after
{Heap after GC invocations=54 (full 0):
 garbage-first heap   total 303104K, used 127881K [0x0000000080000000, 0x0000000100000000)
  region size 1024K, 9 young (9216K), 9 survivors (9216K)
 Metaspace       used 115109K, committed 116160K, reserved 1179648K
  class space    used 15573K, committed 16064K, reserved 1048576K
}
Event: 680.122 GC heap before
{Heap before GC invocations=55 (full 0):
 garbage-first heap   total 303104K, used 265583K [0x0000000080000000, 0x0000000100000000)
  region size 1024K, 126 young (129024K), 9 survivors (9216K)
 Metaspace       used 116146K, committed 117184K, reserved 1179648K
  class space    used 15677K, committed 16192K, reserved 1048576K
}
Event: 680.126 GC heap after
{Heap after GC invocations=56 (full 0):
 garbage-first heap   total 303104K, used 132166K [0x0000000080000000, 0x0000000100000000)
  region size 1024K, 13 young (13312K), 13 survivors (13312K)
 Metaspace       used 116146K, committed 117184K, reserved 1179648K
  class space    used 15677K, committed 16192K, reserved 1048576K
}
Event: 680.128 GC heap before
{Heap before GC invocations=56 (full 0):
 garbage-first heap   total 303104K, used 133190K [0x0000000080000000, 0x0000000100000000)
  region size 1024K, 14 young (14336K), 13 survivors (13312K)
 Metaspace       used 116153K, committed 117248K, reserved 1179648K
  class space    used 15677K, committed 16192K, reserved 1048576K
}
Event: 680.132 GC heap after
{Heap after GC invocations=57 (full 0):
 garbage-first heap   total 303104K, used 122405K [0x0000000080000000, 0x0000000100000000)
  region size 1024K, 1 young (1024K), 1 survivors (1024K)
 Metaspace       used 116153K, committed 117248K, reserved 1179648K
  class space    used 15677K, committed 16192K, reserved 1048576K
}
Event: 684.190 GC heap before
{Heap before GC invocations=57 (full 0):
 garbage-first heap   total 303104K, used 212517K [0x0000000080000000, 0x0000000100000000)
  region size 1024K, 90 young (92160K), 1 survivors (1024K)
 Metaspace       used 120615K, committed 121728K, reserved 1179648K
  class space    used 16293K, committed 16832K, reserved 1048576K
}
Event: 684.193 GC heap after
{Heap after GC invocations=58 (full 0):
 garbage-first heap   total 303104K, used 127309K [0x0000000080000000, 0x0000000100000000)
  region size 1024K, 5 young (5120K), 5 survivors (5120K)
 Metaspace       used 120615K, committed 121728K, reserved 1179648K
  class space    used 16293K, committed 16832K, reserved 1048576K
}
Event: 684.747 GC heap before
{Heap before GC invocations=59 (full 0):
 garbage-first heap   total 303104K, used 251213K [0x0000000080000000, 0x0000000100000000)
  region size 1024K, 125 young (128000K), 5 survivors (5120K)
 Metaspace       used 133057K, committed 134208K, reserved 1179648K
  class space    used 18532K, committed 19072K, reserved 1048576K
}
Event: 684.753 GC heap after
{Heap after GC invocations=60 (full 0):
 garbage-first heap   total 303104K, used 138062K [0x0000000080000000, 0x0000000100000000)
  region size 1024K, 16 young (16384K), 16 survivors (16384K)
 Metaspace       used 133057K, committed 134208K, reserved 1179648K
  class space    used 18532K, committed 19072K, reserved 1048576K
}
Event: 684.756 GC heap before
{Heap before GC invocations=60 (full 0):
 garbage-first heap   total 303104K, used 139086K [0x0000000080000000, 0x0000000100000000)
  region size 1024K, 17 young (17408K), 16 survivors (16384K)
 Metaspace       used 133146K, committed 134272K, reserved 1179648K
  class space    used 18543K, committed 19072K, reserved 1048576K
}
Event: 684.761 GC heap after
{Heap after GC invocations=61 (full 0):
 garbage-first heap   total 303104K, used 136473K [0x0000000080000000, 0x0000000100000000)
  region size 1024K, 2 young (2048K), 2 survivors (2048K)
 Metaspace       used 133146K, committed 134272K, reserved 1179648K
  class space    used 18543K, committed 19072K, reserved 1048576K
}
Event: 685.053 GC heap before
{Heap before GC invocations=61 (full 0):
 garbage-first heap   total 303104K, used 224537K [0x0000000080000000, 0x0000000100000000)
  region size 1024K, 90 young (92160K), 2 survivors (2048K)
 Metaspace       used 139424K, committed 140608K, reserved 1179648K
  class space    used 19637K, committed 20224K, reserved 1048576K
}

